<?xml version="1.0" encoding="UTF-8"?>
<!-- Generated by org.testng.reporters.JUnitXMLReporter -->
<testsuite ignored="0" hostname="LAPTOP-TA35RDU6" failures="0" tests="2" name="Flipkart Test" time="29.672" errors="0" timestamp="2021-09-03T15:10:07 IST">
  <testcase classname="com.webapp.test.flipkart.FlipkartSourceURLTest" name="testFlipkartSourceURL" time="0.007"/>
  <testcase classname="com.webapp.test.flipkart.FlipkartSourceURLAssertEqualsTest" name="testFlipkartTitle" time="0.015"/>
</testsuite> <!-- Flipkart Test -->
