<?xml version="1.0" encoding="UTF-8"?>
<testng-results ignored="0" total="5" passed="5" failed="0" skipped="0">
  <reporter-output>
  </reporter-output>
  <suite started-at="2021-09-03T15:09:17 IST" name="Ecommerce Test Suite" finished-at="2021-09-03T15:10:07 IST" duration-ms="49726">
    <groups>
    </groups>
    <test started-at="2021-09-03T15:09:17 IST" name="Amazon Test" finished-at="2021-09-03T15:09:37 IST" duration-ms="19950">
      <class name="com.webapp.test.amazon.AmazonSearchBarTest">
        <test-method is-config="true" signature="beforeMethod()[pri:0, instance:com.webapp.test.amazon.AmazonSearchBarTest@6631f5ca]" started-at="2021-09-03T15:09:17 IST" name="beforeMethod" finished-at="2021-09-03T15:09:32 IST" duration-ms="14596" status="PASS">
          <reporter-output>
          </reporter-output>
        </test-method> <!-- beforeMethod -->
        <test-method signature="testAmazonSearchForMacBookPro()[pri:0, instance:com.webapp.test.amazon.AmazonSearchBarTest@6631f5ca]" started-at="2021-09-03T15:09:32 IST" name="testAmazonSearchForMacBookPro" finished-at="2021-09-03T15:09:37 IST" duration-ms="5150" status="PASS">
          <reporter-output>
          </reporter-output>
        </test-method> <!-- testAmazonSearchForMacBookPro -->
        <test-method is-config="true" signature="afterMethod()[pri:0, instance:com.webapp.test.amazon.AmazonSearchBarTest@6631f5ca]" started-at="2021-09-03T15:09:37 IST" name="afterMethod" finished-at="2021-09-03T15:09:37 IST" duration-ms="135" status="PASS">
          <reporter-output>
          </reporter-output>
        </test-method> <!-- afterMethod -->
      </class> <!-- com.webapp.test.amazon.AmazonSearchBarTest -->
    </test> <!-- Amazon Test -->
    <test started-at="2021-09-03T15:09:37 IST" name="Flipkart Test" finished-at="2021-09-03T15:10:07 IST" duration-ms="29672">
      <class name="com.webapp.test.flipkart.FlipkartSourceURLTest">
        <test-method is-config="true" signature="beforeMethod()[pri:0, instance:com.webapp.test.flipkart.FlipkartSourceURLTest@1af2d44a]" started-at="2021-09-03T15:09:37 IST" name="beforeMethod" finished-at="2021-09-03T15:09:53 IST" duration-ms="15876" status="PASS">
          <reporter-output>
          </reporter-output>
        </test-method> <!-- beforeMethod -->
        <test-method signature="testFlipkartSourceURL()[pri:0, instance:com.webapp.test.flipkart.FlipkartSourceURLTest@1af2d44a]" started-at="2021-09-03T15:09:53 IST" name="testFlipkartSourceURL" finished-at="2021-09-03T15:09:53 IST" duration-ms="7" status="PASS">
          <reporter-output>
          </reporter-output>
        </test-method> <!-- testFlipkartSourceURL -->
        <test-method is-config="true" signature="afterMethod()[pri:0, instance:com.webapp.test.flipkart.FlipkartSourceURLTest@1af2d44a]" started-at="2021-09-03T15:09:53 IST" name="afterMethod" finished-at="2021-09-03T15:09:57 IST" duration-ms="4120" status="PASS">
          <reporter-output>
          </reporter-output>
        </test-method> <!-- afterMethod -->
      </class> <!-- com.webapp.test.flipkart.FlipkartSourceURLTest -->
      <class name="com.webapp.test.flipkart.FlipkartSourceURLAssertEqualsTest">
        <test-method is-config="true" signature="beforeMethod()[pri:0, instance:com.webapp.test.flipkart.FlipkartSourceURLAssertEqualsTest@18d87d80]" started-at="2021-09-03T15:09:57 IST" name="beforeMethod" finished-at="2021-09-03T15:10:06 IST" duration-ms="9436" status="PASS">
          <reporter-output>
          </reporter-output>
        </test-method> <!-- beforeMethod -->
        <test-method signature="testFlipkartTitle()[pri:0, instance:com.webapp.test.flipkart.FlipkartSourceURLAssertEqualsTest@18d87d80]" started-at="2021-09-03T15:10:06 IST" name="testFlipkartTitle" finished-at="2021-09-03T15:10:06 IST" duration-ms="15" status="PASS">
          <reporter-output>
          </reporter-output>
        </test-method> <!-- testFlipkartTitle -->
        <test-method is-config="true" signature="afterMethod()[pri:0, instance:com.webapp.test.flipkart.FlipkartSourceURLAssertEqualsTest@18d87d80]" started-at="2021-09-03T15:10:06 IST" name="afterMethod" finished-at="2021-09-03T15:10:07 IST" duration-ms="207" status="PASS">
          <reporter-output>
          </reporter-output>
        </test-method> <!-- afterMethod -->
      </class> <!-- com.webapp.test.flipkart.FlipkartSourceURLAssertEqualsTest -->
    </test> <!-- Flipkart Test -->
    <test started-at="2021-09-03T15:10:07 IST" name="Sample Test" finished-at="2021-09-03T15:10:07 IST" duration-ms="30">
      <class name="com.webapp.test.TestNGStandardAnnotationsTest">
        <test-method is-config="true" signature="beforeSuite()[pri:0, instance:com.webapp.test.TestNGStandardAnnotationsTest@57cf54e1]" started-at="2021-09-03T15:09:17 IST" name="beforeSuite" finished-at="2021-09-03T15:09:17 IST" duration-ms="18" status="PASS">
          <reporter-output>
          </reporter-output>
        </test-method> <!-- beforeSuite -->
        <test-method is-config="true" signature="beforeTest()[pri:0, instance:com.webapp.test.TestNGStandardAnnotationsTest@57cf54e1]" started-at="2021-09-03T15:10:07 IST" name="beforeTest" finished-at="2021-09-03T15:10:07 IST" duration-ms="1" status="PASS">
          <reporter-output>
          </reporter-output>
        </test-method> <!-- beforeTest -->
        <test-method is-config="true" signature="beforeClass()[pri:0, instance:com.webapp.test.TestNGStandardAnnotationsTest@57cf54e1]" started-at="2021-09-03T15:10:07 IST" name="beforeClass" finished-at="2021-09-03T15:10:07 IST" duration-ms="2" status="PASS">
          <reporter-output>
          </reporter-output>
        </test-method> <!-- beforeClass -->
        <test-method is-config="true" signature="beforeMethod()[pri:0, instance:com.webapp.test.TestNGStandardAnnotationsTest@57cf54e1]" started-at="2021-09-03T15:10:07 IST" name="beforeMethod" finished-at="2021-09-03T15:10:07 IST" duration-ms="1" status="PASS">
          <reporter-output>
          </reporter-output>
        </test-method> <!-- beforeMethod -->
        <test-method signature="testOne()[pri:0, instance:com.webapp.test.TestNGStandardAnnotationsTest@57cf54e1]" started-at="2021-09-03T15:10:07 IST" name="testOne" finished-at="2021-09-03T15:10:07 IST" duration-ms="3" status="PASS">
          <reporter-output>
          </reporter-output>
        </test-method> <!-- testOne -->
        <test-method is-config="true" signature="afterMethod()[pri:0, instance:com.webapp.test.TestNGStandardAnnotationsTest@57cf54e1]" started-at="2021-09-03T15:10:07 IST" name="afterMethod" finished-at="2021-09-03T15:10:07 IST" duration-ms="1" status="PASS">
          <reporter-output>
          </reporter-output>
        </test-method> <!-- afterMethod -->
        <test-method is-config="true" signature="beforeMethod()[pri:0, instance:com.webapp.test.TestNGStandardAnnotationsTest@57cf54e1]" started-at="2021-09-03T15:10:07 IST" name="beforeMethod" finished-at="2021-09-03T15:10:07 IST" duration-ms="0" status="PASS">
          <reporter-output>
          </reporter-output>
        </test-method> <!-- beforeMethod -->
        <test-method signature="testTwo()[pri:0, instance:com.webapp.test.TestNGStandardAnnotationsTest@57cf54e1]" started-at="2021-09-03T15:10:07 IST" name="testTwo" finished-at="2021-09-03T15:10:07 IST" duration-ms="4" status="PASS">
          <reporter-output>
          </reporter-output>
        </test-method> <!-- testTwo -->
        <test-method is-config="true" signature="afterMethod()[pri:0, instance:com.webapp.test.TestNGStandardAnnotationsTest@57cf54e1]" started-at="2021-09-03T15:10:07 IST" name="afterMethod" finished-at="2021-09-03T15:10:07 IST" duration-ms="1" status="PASS">
          <reporter-output>
          </reporter-output>
        </test-method> <!-- afterMethod -->
        <test-method is-config="true" signature="afterClass()[pri:0, instance:com.webapp.test.TestNGStandardAnnotationsTest@57cf54e1]" started-at="2021-09-03T15:10:07 IST" name="afterClass" finished-at="2021-09-03T15:10:07 IST" duration-ms="3" status="PASS">
          <reporter-output>
          </reporter-output>
        </test-method> <!-- afterClass -->
        <test-method is-config="true" signature="afterTest()[pri:0, instance:com.webapp.test.TestNGStandardAnnotationsTest@57cf54e1]" started-at="2021-09-03T15:10:07 IST" name="afterTest" finished-at="2021-09-03T15:10:07 IST" duration-ms="2" status="PASS">
          <reporter-output>
          </reporter-output>
        </test-method> <!-- afterTest -->
        <test-method is-config="true" signature="afterSuite()[pri:0, instance:com.webapp.test.TestNGStandardAnnotationsTest@57cf54e1]" started-at="2021-09-03T15:10:07 IST" name="afterSuite" finished-at="2021-09-03T15:10:07 IST" duration-ms="0" status="PASS">
          <reporter-output>
          </reporter-output>
        </test-method> <!-- afterSuite -->
      </class> <!-- com.webapp.test.TestNGStandardAnnotationsTest -->
    </test> <!-- Sample Test -->
  </suite> <!-- Ecommerce Test Suite -->
</testng-results>
